{
  "stats": {
    "suites": 1,
    "tests": 1,
    "passes": 0,
    "pending": 0,
    "failures": 1,
    "start": "2023-01-03T14:45:14.372Z",
    "end": "2023-01-03T14:45:53.348Z",
    "duration": 38976,
    "testsRegistered": 1,
    "passPercent": 0,
    "pendingPercent": 0,
    "other": 0,
    "hasOther": false,
    "skipped": 0,
    "hasSkipped": false
  },
  "results": [
    {
      "uuid": "c6ad2249-2b8f-4360-b3a3-d265e1499818",
      "title": "",
      "fullFile": "cypress\\e2e\\1-getting-started\\decal.cy.js",
      "file": "cypress\\e2e\\1-getting-started\\decal.cy.js",
      "beforeHooks": [],
      "afterHooks": [],
      "tests": [],
      "suites": [
        {
          "uuid": "dafaef04-3720-4c88-969b-57bae749db02",
          "title": "visit Verve Access",
          "fullFile": "",
          "file": "",
          "beforeHooks": [],
          "afterHooks": [],
          "tests": [
            {
              "title": "should test Vmmr buttn on the sidemenu with search aand filter",
              "fullTitle": "visit Verve Access should test Vmmr buttn on the sidemenu with search aand filter",
              "timedOut": null,
              "duration": 38474,
              "state": "failed",
              "speed": null,
              "pass": false,
              "fail": true,
              "pending": false,
              "context": null,
              "code": "//cy.get('.ant-dropdown-link > .sidebar-svg').click()\n//cy.get('.red').click()\ncy.url().should('include', 'admin');\ncy.reload();\ncy.get('form').within($form => {\n  cy.get('input[type=\"email\"]').type('phoenix.shed-okara@interswitchgroup.com');\n  cy.get('input[type=\"password\"]').type('Mixmax$900');\n  cy.get('#login').click({\n    timeout: 2000\n  });\n  cy.wait(18000); //cy.root().submit({timeout : 2000})\n});\ncy.get('#burger-cont').click(); //cy.get('#sidebar > .sidebar-container > #side-nav > .isw-sideBarNav > :nth-child(3) > .isw-sideBarNavLink').scrollTo('bottom')\ncy.get('#sidebar > .sidebar-container > #side-nav > .isw-sideBarNav > :nth-child(7) > .isw-sideBarNavLink > .isw-sideBarNavLabel').click();\ncy.wait(8000);\ncy.get('.title').should('be.visible');\ncy.get('.add-button-container > .d-flx').click();\ncy.get('input[name=\"fileName\"]').type('Verve Global'); //cy.get('.placeholder').click()\n//cy.contains('Add File').dblclick(20, -50,{force : true})\n//cy.get('input[accept=\".png, .jpg\"]').attachFile('files/Verve.jpg')\ncy.get('#createArtwork').click();",
              "err": {
                "message": "AssertionError: Timed out retrying after 4000ms: Expected to find element: `#burger-cont`, but never found it.",
                "estack": "AssertionError: Timed out retrying after 4000ms: Expected to find element: `#burger-cont`, but never found it.\n    at Context.eval (https://verve-access-customer.k8.isw.la/__cypress/tests?p=cypress\\e2e\\1-getting-started\\decal.cy.js:122:8)",
                "diff": null
              },
              "uuid": "805fc872-e314-44a5-a7c0-6f9bb2050d8c",
              "parentUUID": "dafaef04-3720-4c88-969b-57bae749db02",
              "isHook": false,
              "skipped": false
            }
          ],
          "suites": [],
          "passes": [],
          "failures": [
            "805fc872-e314-44a5-a7c0-6f9bb2050d8c"
          ],
          "pending": [],
          "skipped": [],
          "duration": 38474,
          "root": false,
          "rootEmpty": false,
          "_timeout": 2000
        }
      ],
      "passes": [],
      "failures": [],
      "pending": [],
      "skipped": [],
      "duration": 0,
      "root": true,
      "rootEmpty": true,
      "_timeout": 2000
    }
  ],
  "meta": {
    "mocha": {
      "version": "7.0.1"
    },
    "mochawesome": {
      "options": {
        "quiet": false,
        "reportFilename": "mochawesome",
        "saveHtml": true,
        "saveJson": true,
        "consoleReporter": "spec",
        "useInlineDiffs": false,
        "code": true
      },
      "version": "7.1.3"
    },
    "marge": {
      "options": {
        "id": "default",
        "reportDir": "cypress/results/mocha",
        "quite": true,
        "overwrite": false,
        "html": true,
        "json": true
      },
      "version": "6.2.0"
    }
  }
}