{
  "stats": {
    "suites": 1,
    "tests": 8,
    "passes": 8,
    "pending": 0,
    "failures": 0,
    "start": "2022-12-20T15:35:38.166Z",
    "end": "2022-12-20T15:36:59.040Z",
    "duration": 80874,
    "testsRegistered": 8,
    "passPercent": 100,
    "pendingPercent": 0,
    "other": 0,
    "hasOther": false,
    "skipped": 0,
    "hasSkipped": false
  },
  "results": [
    {
      "uuid": "cfc58229-10fa-4c88-894e-8d978e0a149f",
      "title": "",
      "fullFile": "cypress\\e2e\\1-getting-started\\logincorporateUsers.cy.js",
      "file": "cypress\\e2e\\1-getting-started\\logincorporateUsers.cy.js",
      "beforeHooks": [],
      "afterHooks": [],
      "tests": [],
      "suites": [
        {
          "uuid": "923289bd-6614-4097-be5b-85757862eaee",
          "title": "visit Verve Access",
          "fullFile": "",
          "file": "",
          "beforeHooks": [],
          "afterHooks": [],
          "tests": [
            {
              "title": "should test for url and valid CORPORATE_ADMIN logon",
              "fullTitle": "visit Verve Access should test for url and valid CORPORATE_ADMIN logon",
              "timedOut": null,
              "duration": 27932,
              "state": "passed",
              "speed": "slow",
              "pass": true,
              "fail": false,
              "pending": false,
              "context": null,
              "code": "cy.title().should('eq', 'Verve Access');\ncy.location('protocol').should('eq', 'https:'); // /cy.contains('Get Started Now').click({timeout : 2000})\ncy.url().should('include', 'customer');\ncy.reload(); //cy.hash().should('include', '#/auth')\ncy.get('form').within($form => {\n  cy.get('input[type=\"email\"]').type('njoku101@qa.team');\n  cy.get('input[type=\"password\"]').type('Password12@');\n  cy.get('#login').click({\n    timeout: 2000\n  });\n  cy.wait(9000); //cy.root().submit({timeout : 2000})\n});\ncy.get('.ant-dropdown-link > .sidebar-svg').click().wait(3000);\ncy.contains('CORPORATE_ADMIN').should('be.visible');\ncy.get('.red').click();",
              "err": {},
              "uuid": "7d59e656-a3b0-4d4b-8be1-0cec5b406de2",
              "parentUUID": "923289bd-6614-4097-be5b-85757862eaee",
              "isHook": false,
              "skipped": false
            },
            {
              "title": "should test for invalid username and valid password for Corporate Admin logon",
              "fullTitle": "visit Verve Access should test for invalid username and valid password for Corporate Admin logon",
              "timedOut": null,
              "duration": 6342,
              "state": "passed",
              "speed": "medium",
              "pass": true,
              "fail": false,
              "pending": false,
              "context": null,
              "code": "cy.get('form').within($form => {\n  cy.get('input[type=\"email\"]').type('VBnjoku101@qa.team');\n  cy.get('input[type=\"password\"]').type('Password1@');\n  cy.get('#login').click().wait(3000); //cy.wait(5000)\n  //cy.root().submit({timeout : 2000})\n});\ncy.contains('ERROR!').should('be.visible');",
              "err": {},
              "uuid": "7b12920f-a33c-489c-8e74-39559a8ede21",
              "parentUUID": "923289bd-6614-4097-be5b-85757862eaee",
              "isHook": false,
              "skipped": false
            },
            {
              "title": "should test for valid username and invalid password for Corporate Admin logon",
              "fullTitle": "visit Verve Access should test for valid username and invalid password for Corporate Admin logon",
              "timedOut": null,
              "duration": 9513,
              "state": "passed",
              "speed": "medium",
              "pass": true,
              "fail": false,
              "pending": false,
              "context": null,
              "code": "cy.get('form').within($form => {\n  cy.get('input[type=\"email\"]').type('njoku101@qa.team');\n  cy.get('input[type=\"password\"]').type('Pass34word1');\n  cy.get('#login').click().wait(5000); //cy.wait(5000)\n  //cy.root().submit({timeout : 2000})\n});\ncy.contains('ERROR!').should('be.visible');",
              "err": {},
              "uuid": "6dfcde62-c6e4-4a4b-b8b6-2790df75fc88",
              "parentUUID": "923289bd-6614-4097-be5b-85757862eaee",
              "isHook": false,
              "skipped": false
            },
            {
              "title": "should test for null username and null password for Corporate Admin logon",
              "fullTitle": "visit Verve Access should test for null username and null password for Corporate Admin logon",
              "timedOut": null,
              "duration": 1756,
              "state": "passed",
              "speed": "fast",
              "pass": true,
              "fail": false,
              "pending": false,
              "context": null,
              "code": "cy.get('form').within($form => {\n  cy.get('input[type=\"email\"]').type(' ');\n  cy.get('input[type=\"password\"]').type(' ');\n  cy.get('#login').click();\n});\ncy.contains('email cannot be empty!').should('be.visible');",
              "err": {},
              "uuid": "cfcc1ce9-2e4c-483f-8ed3-beb2041a6676",
              "parentUUID": "923289bd-6614-4097-be5b-85757862eaee",
              "isHook": false,
              "skipped": false
            },
            {
              "title": "should test for url and valid CORPORATE_USER logon",
              "fullTitle": "visit Verve Access should test for url and valid CORPORATE_USER logon",
              "timedOut": null,
              "duration": 15433,
              "state": "passed",
              "speed": "slow",
              "pass": true,
              "fail": false,
              "pending": false,
              "context": null,
              "code": "cy.get('form').within($form => {\n  cy.get('input[type=\"email\"]').type('njoku102@qa.team');\n  cy.get('input[type=\"password\"]').type('Password12@');\n  cy.get('#login').click({\n    timeout: 2000\n  });\n  cy.wait(9000); //cy.root().submit({timeout : 2000})\n});\ncy.get('.ant-dropdown-link > .sidebar-svg').click().wait(3000);\ncy.contains('CORPORATE_USER').should('be.visible');\ncy.get('.red').click();",
              "err": {},
              "uuid": "f65e6fe0-7609-4889-a25e-692fe0af1731",
              "parentUUID": "923289bd-6614-4097-be5b-85757862eaee",
              "isHook": false,
              "skipped": false
            },
            {
              "title": "should test for invalid username and valid password for Corporate User logon",
              "fullTitle": "visit Verve Access should test for invalid username and valid password for Corporate User logon",
              "timedOut": null,
              "duration": 6166,
              "state": "passed",
              "speed": "medium",
              "pass": true,
              "fail": false,
              "pending": false,
              "context": null,
              "code": "cy.get('form').within($form => {\n  cy.get('input[type=\"email\"]').type('VBnjoku102@qa.team');\n  cy.get('input[type=\"password\"]').type('Password1@');\n  cy.get('#login').click().wait(3000); //cy.wait(5000)\n  //cy.root().submit({timeout : 2000})\n});\ncy.contains('ERROR!').should('be.visible');",
              "err": {},
              "uuid": "6f1fab1d-a36f-44d9-b737-98abad68f632",
              "parentUUID": "923289bd-6614-4097-be5b-85757862eaee",
              "isHook": false,
              "skipped": false
            },
            {
              "title": "should test for valid username and invalid password for Corporate user logon",
              "fullTitle": "visit Verve Access should test for valid username and invalid password for Corporate user logon",
              "timedOut": null,
              "duration": 10285,
              "state": "passed",
              "speed": "slow",
              "pass": true,
              "fail": false,
              "pending": false,
              "context": null,
              "code": "cy.get('form').within($form => {\n  cy.get('input[type=\"email\"]').type('njoku102@qa.team');\n  cy.get('input[type=\"password\"]').type('Pass34word1@');\n  cy.get('#login').click().wait(5000); //cy.wait(5000)\n  //cy.root().submit({timeout : 2000})\n});\ncy.contains('ERROR!').should('be.visible');",
              "err": {},
              "uuid": "6a686754-cb32-4aca-890b-ab51a5057341",
              "parentUUID": "923289bd-6614-4097-be5b-85757862eaee",
              "isHook": false,
              "skipped": false
            },
            {
              "title": "should test for null username and null password for Corporate user logon",
              "fullTitle": "visit Verve Access should test for null username and null password for Corporate user logon",
              "timedOut": null,
              "duration": 2879,
              "state": "passed",
              "speed": "fast",
              "pass": true,
              "fail": false,
              "pending": false,
              "context": null,
              "code": "cy.get('form').within($form => {\n  cy.get('input[type=\"email\"]').type(' ');\n  cy.get('input[type=\"password\"]').type(' ');\n  cy.get('#login').click();\n});\ncy.contains('email cannot be empty!').should('be.visible');",
              "err": {},
              "uuid": "23f0b744-fc73-4bfc-9057-3674fc7a5f13",
              "parentUUID": "923289bd-6614-4097-be5b-85757862eaee",
              "isHook": false,
              "skipped": false
            }
          ],
          "suites": [],
          "passes": [
            "7d59e656-a3b0-4d4b-8be1-0cec5b406de2",
            "7b12920f-a33c-489c-8e74-39559a8ede21",
            "6dfcde62-c6e4-4a4b-b8b6-2790df75fc88",
            "cfcc1ce9-2e4c-483f-8ed3-beb2041a6676",
            "f65e6fe0-7609-4889-a25e-692fe0af1731",
            "6f1fab1d-a36f-44d9-b737-98abad68f632",
            "6a686754-cb32-4aca-890b-ab51a5057341",
            "23f0b744-fc73-4bfc-9057-3674fc7a5f13"
          ],
          "failures": [],
          "pending": [],
          "skipped": [],
          "duration": 80306,
          "root": false,
          "rootEmpty": false,
          "_timeout": 2000
        }
      ],
      "passes": [],
      "failures": [],
      "pending": [],
      "skipped": [],
      "duration": 0,
      "root": true,
      "rootEmpty": true,
      "_timeout": 2000
    }
  ],
  "meta": {
    "mocha": {
      "version": "7.0.1"
    },
    "mochawesome": {
      "options": {
        "quiet": false,
        "reportFilename": "mochawesome",
        "saveHtml": true,
        "saveJson": true,
        "consoleReporter": "spec",
        "useInlineDiffs": false,
        "code": true
      },
      "version": "7.1.3"
    },
    "marge": {
      "options": {
        "id": "default",
        "reportDir": "cypress/results/mocha",
        "quite": true,
        "overwrite": false,
        "html": true,
        "json": true
      },
      "version": "6.2.0"
    }
  }
}