{
  "stats": {
    "suites": 1,
    "tests": 8,
    "passes": 7,
    "pending": 0,
    "failures": 1,
    "start": "2023-01-03T14:40:21.524Z",
    "end": "2023-01-03T14:41:35.902Z",
    "duration": 74378,
    "testsRegistered": 8,
    "passPercent": 87.5,
    "pendingPercent": 0,
    "other": 0,
    "hasOther": false,
    "skipped": 0,
    "hasSkipped": false
  },
  "results": [
    {
      "uuid": "8d178c68-02a2-40e9-818f-1eabe57a96d3",
      "title": "",
      "fullFile": "cypress\\e2e\\1-getting-started\\corporateAdmin.cy.js",
      "file": "cypress\\e2e\\1-getting-started\\corporateAdmin.cy.js",
      "beforeHooks": [],
      "afterHooks": [],
      "tests": [],
      "suites": [
        {
          "uuid": "98665dc2-73b0-4180-8ce2-29ac8c238dec",
          "title": "visit Verve Access",
          "fullFile": "",
          "file": "",
          "beforeHooks": [],
          "afterHooks": [],
          "tests": [
            {
              "title": "should test for url and valid CORPORATE_ADMIN logon",
              "fullTitle": "visit Verve Access should test for url and valid CORPORATE_ADMIN logon",
              "timedOut": null,
              "duration": 26880,
              "state": "failed",
              "speed": null,
              "pass": false,
              "fail": true,
              "pending": false,
              "context": null,
              "code": "cy.title().should('eq', 'Verve Access');\ncy.location('protocol').should('eq', 'https:'); // /cy.contains('Get Started Now').click({timeout : 2000})\ncy.url().should('include', 'customer');\ncy.reload(); //cy.hash().should('include', '#/auth')\ncy.get('form').within($form => {\n  cy.get('input[type=\"email\"]').type('njoku101@qa.team');\n  cy.get('input[type=\"password\"]').type('Password12@');\n  cy.get('#login').click({\n    timeout: 2000\n  });\n  cy.wait(9000); //cy.root().submit({timeout : 2000})\n});\ncy.get('.ant-dropdown-link > .sidebar-svg').click().wait(3000);\ncy.contains('CORPORATE_ADMIN').should('be.visible');\ncy.get('.red').click();",
              "err": {
                "message": "AssertionError: Timed out retrying after 4000ms: Expected to find element: `.ant-dropdown-link > .sidebar-svg`, but never found it.",
                "estack": "AssertionError: Timed out retrying after 4000ms: Expected to find element: `.ant-dropdown-link > .sidebar-svg`, but never found it.\n    at Context.eval (https://verve-access-customer.k8.isw.la/__cypress/tests?p=cypress\\e2e\\1-getting-started\\corporateAdmin.cy.js:125:8)",
                "diff": null
              },
              "uuid": "f68361d2-2a83-4264-8e2e-cbcd8619276d",
              "parentUUID": "98665dc2-73b0-4180-8ce2-29ac8c238dec",
              "isHook": false,
              "skipped": false
            },
            {
              "title": "should test for invalid username and valid password for Corporate Admin logon",
              "fullTitle": "visit Verve Access should test for invalid username and valid password for Corporate Admin logon",
              "timedOut": null,
              "duration": 9272,
              "state": "passed",
              "speed": "medium",
              "pass": true,
              "fail": false,
              "pending": false,
              "context": null,
              "code": "cy.get('form').within($form => {\n  cy.get('input[type=\"email\"]').type('VBnjoku101@qa.team');\n  cy.get('input[type=\"password\"]').type('Password1@');\n  cy.get('#login').click().wait(3000); //cy.wait(5000)\n  //cy.root().submit({timeout : 2000})\n});\ncy.contains('ERROR!').should('be.visible');",
              "err": {},
              "uuid": "922e5e81-4b29-4eff-8475-25f88c99729e",
              "parentUUID": "98665dc2-73b0-4180-8ce2-29ac8c238dec",
              "isHook": false,
              "skipped": false
            },
            {
              "title": "should test for valid username and invalid password for Corporate Admin logon",
              "fullTitle": "visit Verve Access should test for valid username and invalid password for Corporate Admin logon",
              "timedOut": null,
              "duration": 10166,
              "state": "passed",
              "speed": "slow",
              "pass": true,
              "fail": false,
              "pending": false,
              "context": null,
              "code": "cy.get('form').within($form => {\n  cy.get('input[type=\"email\"]').type('njoku101@qa.team');\n  cy.get('input[type=\"password\"]').type('Pass34word1@');\n  cy.get('#login').click().wait(5000); //cy.wait(5000)\n  //cy.root().submit({timeout : 2000})\n});\ncy.contains('ERROR!').should('be.visible');",
              "err": {},
              "uuid": "a11803e3-b062-4a18-8cec-0abb651a6c24",
              "parentUUID": "98665dc2-73b0-4180-8ce2-29ac8c238dec",
              "isHook": false,
              "skipped": false
            },
            {
              "title": "should test for null username and null password for Corporate Admin logon",
              "fullTitle": "visit Verve Access should test for null username and null password for Corporate Admin logon",
              "timedOut": null,
              "duration": 1187,
              "state": "passed",
              "speed": "fast",
              "pass": true,
              "fail": false,
              "pending": false,
              "context": null,
              "code": "cy.get('form').within($form => {\n  cy.get('input[type=\"email\"]').type(' ');\n  cy.get('input[type=\"password\"]').type(' ');\n  cy.get('#login').click();\n});\ncy.contains('email cannot be empty!').should('be.visible');",
              "err": {},
              "uuid": "6f96b6b9-5ef5-48b3-8d4d-65a933a012c5",
              "parentUUID": "98665dc2-73b0-4180-8ce2-29ac8c238dec",
              "isHook": false,
              "skipped": false
            },
            {
              "title": "should test for url and valid CORPORATE_ADMIN logon",
              "fullTitle": "visit Verve Access should test for url and valid CORPORATE_ADMIN logon",
              "timedOut": null,
              "duration": 10635,
              "state": "passed",
              "speed": "slow",
              "pass": true,
              "fail": false,
              "pending": false,
              "context": null,
              "code": "cy.get('form').within($form => {\n  cy.get('input[type=\"email\"]').type('njoku101@qa.team');\n  cy.get('input[type=\"password\"]').type('Password1@');\n  cy.get('#login').click({\n    timeout: 2000\n  });\n  cy.wait(9000); //cy.root().submit({timeout : 2000})\n}); // cy.get('.ant-dropdown-link > .sidebar-svg').click().wait(3000)\n//cy.contains('CORPORATE_ADMIN').should('be.visible')\n//cy.get('.red').click()",
              "err": {},
              "uuid": "c87e60c1-7626-4db9-8e18-2203f69ff665",
              "parentUUID": "98665dc2-73b0-4180-8ce2-29ac8c238dec",
              "isHook": false,
              "skipped": false
            },
            {
              "title": "should test for invalid username and valid password for Corporate Admin logon",
              "fullTitle": "visit Verve Access should test for invalid username and valid password for Corporate Admin logon",
              "timedOut": null,
              "duration": 5788,
              "state": "passed",
              "speed": "medium",
              "pass": true,
              "fail": false,
              "pending": false,
              "context": null,
              "code": "cy.get('form').within($form => {\n  cy.get('input[type=\"email\"]').type('VBnjoku101@qa.team');\n  cy.get('input[type=\"password\"]').type('Password1');\n  cy.get('#login').click().wait(3000); //cy.wait(5000)\n  //cy.root().submit({timeout : 2000})\n});\ncy.contains('ERROR!').should('be.visible');",
              "err": {},
              "uuid": "bbceb182-3e3c-41da-90a0-4f054020e9bb",
              "parentUUID": "98665dc2-73b0-4180-8ce2-29ac8c238dec",
              "isHook": false,
              "skipped": false
            },
            {
              "title": "should test for valid username and invalid password for Corporate Admin logon",
              "fullTitle": "visit Verve Access should test for valid username and invalid password for Corporate Admin logon",
              "timedOut": null,
              "duration": 7660,
              "state": "passed",
              "speed": "medium",
              "pass": true,
              "fail": false,
              "pending": false,
              "context": null,
              "code": "cy.get('form').within($form => {\n  cy.get('input[type=\"email\"]').type('njoku101@qa.team');\n  cy.get('input[type=\"password\"]').type('Pass34word1@');\n  cy.get('#login').click().wait(5000); //cy.wait(5000)\n  //cy.root().submit({timeout : 2000})\n});\ncy.contains('ERROR!').should('be.visible');",
              "err": {},
              "uuid": "b4e3bc51-b502-40c1-bf1c-96336886ed6a",
              "parentUUID": "98665dc2-73b0-4180-8ce2-29ac8c238dec",
              "isHook": false,
              "skipped": false
            },
            {
              "title": "should test for null username and null password for Corporate Admin logon",
              "fullTitle": "visit Verve Access should test for null username and null password for Corporate Admin logon",
              "timedOut": null,
              "duration": 2043,
              "state": "passed",
              "speed": "fast",
              "pass": true,
              "fail": false,
              "pending": false,
              "context": null,
              "code": "cy.get('form').within($form => {\n  cy.get('input[type=\"email\"]').type(' ');\n  cy.get('input[type=\"password\"]').type(' ');\n  cy.get('#login').click();\n});\ncy.contains('email cannot be empty!').should('be.visible');",
              "err": {},
              "uuid": "7841fc3b-2d9e-47ea-8c53-a21b7086bfd7",
              "parentUUID": "98665dc2-73b0-4180-8ce2-29ac8c238dec",
              "isHook": false,
              "skipped": false
            }
          ],
          "suites": [],
          "passes": [
            "922e5e81-4b29-4eff-8475-25f88c99729e",
            "a11803e3-b062-4a18-8cec-0abb651a6c24",
            "6f96b6b9-5ef5-48b3-8d4d-65a933a012c5",
            "c87e60c1-7626-4db9-8e18-2203f69ff665",
            "bbceb182-3e3c-41da-90a0-4f054020e9bb",
            "b4e3bc51-b502-40c1-bf1c-96336886ed6a",
            "7841fc3b-2d9e-47ea-8c53-a21b7086bfd7"
          ],
          "failures": [
            "f68361d2-2a83-4264-8e2e-cbcd8619276d"
          ],
          "pending": [],
          "skipped": [],
          "duration": 73631,
          "root": false,
          "rootEmpty": false,
          "_timeout": 2000
        }
      ],
      "passes": [],
      "failures": [],
      "pending": [],
      "skipped": [],
      "duration": 0,
      "root": true,
      "rootEmpty": true,
      "_timeout": 2000
    }
  ],
  "meta": {
    "mocha": {
      "version": "7.0.1"
    },
    "mochawesome": {
      "options": {
        "quiet": false,
        "reportFilename": "mochawesome",
        "saveHtml": true,
        "saveJson": true,
        "consoleReporter": "spec",
        "useInlineDiffs": false,
        "code": true
      },
      "version": "7.1.3"
    },
    "marge": {
      "options": {
        "id": "default",
        "reportDir": "cypress/results/mocha",
        "quite": true,
        "overwrite": false,
        "html": true,
        "json": true
      },
      "version": "6.2.0"
    }
  }
}