{
  "stats": {
    "suites": 1,
    "tests": 8,
    "passes": 8,
    "pending": 0,
    "failures": 0,
    "start": "2022-12-20T15:18:23.084Z",
    "end": "2022-12-20T15:19:59.143Z",
    "duration": 96059,
    "testsRegistered": 8,
    "passPercent": 100,
    "pendingPercent": 0,
    "other": 0,
    "hasOther": false,
    "skipped": 0,
    "hasSkipped": false
  },
  "results": [
    {
      "uuid": "dcec405a-e242-4102-9dcd-b4ad78610bcf",
      "title": "",
      "fullFile": "cypress\\e2e\\1-getting-started\\corporateAdmin.cy.js",
      "file": "cypress\\e2e\\1-getting-started\\corporateAdmin.cy.js",
      "beforeHooks": [],
      "afterHooks": [],
      "tests": [],
      "suites": [
        {
          "uuid": "33d39556-e9fc-4c1b-b7cd-0c9fa64b2a0d",
          "title": "visit Verve Access",
          "fullFile": "",
          "file": "",
          "beforeHooks": [],
          "afterHooks": [],
          "tests": [
            {
              "title": "should test for url and valid CORPORATE_ADMIN logon",
              "fullTitle": "visit Verve Access should test for url and valid CORPORATE_ADMIN logon",
              "timedOut": null,
              "duration": 36858,
              "state": "passed",
              "speed": "slow",
              "pass": true,
              "fail": false,
              "pending": false,
              "context": null,
              "code": "cy.title().should('eq', 'Verve Access');\ncy.location('protocol').should('eq', 'https:'); // /cy.contains('Get Started Now').click({timeout : 2000})\ncy.url().should('include', 'customer');\ncy.reload(); //cy.hash().should('include', '#/auth')\ncy.get('form').within($form => {\n  cy.get('input[type=\"email\"]').type('njoku101@qa.team');\n  cy.get('input[type=\"password\"]').type('Password12@');\n  cy.get('#login').click({\n    timeout: 2000\n  });\n  cy.wait(9000); //cy.root().submit({timeout : 2000})\n});\ncy.get('.ant-dropdown-link > .sidebar-svg').click().wait(3000);\ncy.contains('CORPORATE_ADMIN').should('be.visible');\ncy.get('.red').click();",
              "err": {},
              "uuid": "24a1c0e8-64c8-4170-9f06-fe654e5a64cc",
              "parentUUID": "33d39556-e9fc-4c1b-b7cd-0c9fa64b2a0d",
              "isHook": false,
              "skipped": false
            },
            {
              "title": "should test for invalid username and valid password for Corporate Admin logon",
              "fullTitle": "visit Verve Access should test for invalid username and valid password for Corporate Admin logon",
              "timedOut": null,
              "duration": 8585,
              "state": "passed",
              "speed": "medium",
              "pass": true,
              "fail": false,
              "pending": false,
              "context": null,
              "code": "cy.get('form').within($form => {\n  cy.get('input[type=\"email\"]').type('VBnjoku101@qa.team');\n  cy.get('input[type=\"password\"]').type('Password1@');\n  cy.get('#login').click().wait(3000); //cy.wait(5000)\n  //cy.root().submit({timeout : 2000})\n});\ncy.contains('ERROR!').should('be.visible');",
              "err": {},
              "uuid": "9b1c93fe-4bff-4e6d-9a9c-2b1af7342ebd",
              "parentUUID": "33d39556-e9fc-4c1b-b7cd-0c9fa64b2a0d",
              "isHook": false,
              "skipped": false
            },
            {
              "title": "should test for valid username and invalid password for Corporate Admin logon",
              "fullTitle": "visit Verve Access should test for valid username and invalid password for Corporate Admin logon",
              "timedOut": null,
              "duration": 12798,
              "state": "passed",
              "speed": "slow",
              "pass": true,
              "fail": false,
              "pending": false,
              "context": null,
              "code": "cy.get('form').within($form => {\n  cy.get('input[type=\"email\"]').type('njoku101@qa.team');\n  cy.get('input[type=\"password\"]').type('Pass34word1@');\n  cy.get('#login').click().wait(5000); //cy.wait(5000)\n  //cy.root().submit({timeout : 2000})\n});\ncy.contains('ERROR!').should('be.visible');",
              "err": {},
              "uuid": "07663cc0-95c4-4b81-b075-3a1d52806d4f",
              "parentUUID": "33d39556-e9fc-4c1b-b7cd-0c9fa64b2a0d",
              "isHook": false,
              "skipped": false
            },
            {
              "title": "should test for null username and null password for Corporate Admin logon",
              "fullTitle": "visit Verve Access should test for null username and null password for Corporate Admin logon",
              "timedOut": null,
              "duration": 3928,
              "state": "passed",
              "speed": "fast",
              "pass": true,
              "fail": false,
              "pending": false,
              "context": null,
              "code": "cy.get('form').within($form => {\n  cy.get('input[type=\"email\"]').type(' ');\n  cy.get('input[type=\"password\"]').type(' ');\n  cy.get('#login').click();\n});\ncy.contains('email cannot be empty!').should('be.visible');",
              "err": {},
              "uuid": "9ea196cf-0bc1-4736-a901-833295451ca5",
              "parentUUID": "33d39556-e9fc-4c1b-b7cd-0c9fa64b2a0d",
              "isHook": false,
              "skipped": false
            },
            {
              "title": "should test for url and valid CORPORATE_ADMIN logon",
              "fullTitle": "visit Verve Access should test for url and valid CORPORATE_ADMIN logon",
              "timedOut": null,
              "duration": 14983,
              "state": "passed",
              "speed": "slow",
              "pass": true,
              "fail": false,
              "pending": false,
              "context": null,
              "code": "cy.get('form').within($form => {\n  cy.get('input[type=\"email\"]').type('njoku101@qa.team');\n  cy.get('input[type=\"password\"]').type('Password1@');\n  cy.get('#login').click({\n    timeout: 2000\n  });\n  cy.wait(9000); //cy.root().submit({timeout : 2000})\n}); // cy.get('.ant-dropdown-link > .sidebar-svg').click().wait(3000)\n//cy.contains('CORPORATE_ADMIN').should('be.visible')\n//cy.get('.red').click()",
              "err": {},
              "uuid": "3c6b65d8-7f3c-47a3-8296-0bc743178dd9",
              "parentUUID": "33d39556-e9fc-4c1b-b7cd-0c9fa64b2a0d",
              "isHook": false,
              "skipped": false
            },
            {
              "title": "should test for invalid username and valid password for Corporate Admin logon",
              "fullTitle": "visit Verve Access should test for invalid username and valid password for Corporate Admin logon",
              "timedOut": null,
              "duration": 6544,
              "state": "passed",
              "speed": "medium",
              "pass": true,
              "fail": false,
              "pending": false,
              "context": null,
              "code": "cy.get('form').within($form => {\n  cy.get('input[type=\"email\"]').type('VBnjoku101@qa.team');\n  cy.get('input[type=\"password\"]').type('Password1');\n  cy.get('#login').click().wait(3000); //cy.wait(5000)\n  //cy.root().submit({timeout : 2000})\n});\ncy.contains('ERROR!').should('be.visible');",
              "err": {},
              "uuid": "062e0da8-b698-46f3-ad95-07243c235dba",
              "parentUUID": "33d39556-e9fc-4c1b-b7cd-0c9fa64b2a0d",
              "isHook": false,
              "skipped": false
            },
            {
              "title": "should test for valid username and invalid password for Corporate Admin logon",
              "fullTitle": "visit Verve Access should test for valid username and invalid password for Corporate Admin logon",
              "timedOut": null,
              "duration": 8697,
              "state": "passed",
              "speed": "medium",
              "pass": true,
              "fail": false,
              "pending": false,
              "context": null,
              "code": "cy.get('form').within($form => {\n  cy.get('input[type=\"email\"]').type('njoku101@qa.team');\n  cy.get('input[type=\"password\"]').type('Pass34word1@');\n  cy.get('#login').click().wait(5000); //cy.wait(5000)\n  //cy.root().submit({timeout : 2000})\n});\ncy.contains('ERROR!').should('be.visible');",
              "err": {},
              "uuid": "e59bf13c-c09c-47e4-8a27-9c3ee4c92226",
              "parentUUID": "33d39556-e9fc-4c1b-b7cd-0c9fa64b2a0d",
              "isHook": false,
              "skipped": false
            },
            {
              "title": "should test for null username and null password for Corporate Admin logon",
              "fullTitle": "visit Verve Access should test for null username and null password for Corporate Admin logon",
              "timedOut": null,
              "duration": 2567,
              "state": "passed",
              "speed": "fast",
              "pass": true,
              "fail": false,
              "pending": false,
              "context": null,
              "code": "cy.get('form').within($form => {\n  cy.get('input[type=\"email\"]').type(' ');\n  cy.get('input[type=\"password\"]').type(' ');\n  cy.get('#login').click();\n});\ncy.contains('email cannot be empty!').should('be.visible');",
              "err": {},
              "uuid": "a103550a-376c-40f5-a048-1b3ad05732bc",
              "parentUUID": "33d39556-e9fc-4c1b-b7cd-0c9fa64b2a0d",
              "isHook": false,
              "skipped": false
            }
          ],
          "suites": [],
          "passes": [
            "24a1c0e8-64c8-4170-9f06-fe654e5a64cc",
            "9b1c93fe-4bff-4e6d-9a9c-2b1af7342ebd",
            "07663cc0-95c4-4b81-b075-3a1d52806d4f",
            "9ea196cf-0bc1-4736-a901-833295451ca5",
            "3c6b65d8-7f3c-47a3-8296-0bc743178dd9",
            "062e0da8-b698-46f3-ad95-07243c235dba",
            "e59bf13c-c09c-47e4-8a27-9c3ee4c92226",
            "a103550a-376c-40f5-a048-1b3ad05732bc"
          ],
          "failures": [],
          "pending": [],
          "skipped": [],
          "duration": 94960,
          "root": false,
          "rootEmpty": false,
          "_timeout": 2000
        }
      ],
      "passes": [],
      "failures": [],
      "pending": [],
      "skipped": [],
      "duration": 0,
      "root": true,
      "rootEmpty": true,
      "_timeout": 2000
    }
  ],
  "meta": {
    "mocha": {
      "version": "7.0.1"
    },
    "mochawesome": {
      "options": {
        "quiet": false,
        "reportFilename": "mochawesome",
        "saveHtml": true,
        "saveJson": true,
        "consoleReporter": "spec",
        "useInlineDiffs": false,
        "code": true
      },
      "version": "7.1.3"
    },
    "marge": {
      "options": {
        "id": "default",
        "reportDir": "cypress/results/mocha",
        "quite": true,
        "overwrite": false,
        "html": true,
        "json": true
      },
      "version": "6.2.0"
    }
  }
}