{
  "stats": {
    "suites": 1,
    "tests": 8,
    "passes": 8,
    "pending": 0,
    "failures": 0,
    "start": "2022-12-20T15:30:25.978Z",
    "end": "2022-12-20T15:31:56.786Z",
    "duration": 90808,
    "testsRegistered": 8,
    "passPercent": 100,
    "pendingPercent": 0,
    "other": 0,
    "hasOther": false,
    "skipped": 0,
    "hasSkipped": false
  },
  "results": [
    {
      "uuid": "ad6cd85d-5ab9-4feb-aacc-e9f8dd9144ea",
      "title": "",
      "fullFile": "cypress\\e2e\\1-getting-started\\corporateAdmin.cy.js",
      "file": "cypress\\e2e\\1-getting-started\\corporateAdmin.cy.js",
      "beforeHooks": [],
      "afterHooks": [],
      "tests": [],
      "suites": [
        {
          "uuid": "2a0343e5-dbfb-4059-ac88-871948a48b19",
          "title": "visit Verve Access",
          "fullFile": "",
          "file": "",
          "beforeHooks": [],
          "afterHooks": [],
          "tests": [
            {
              "title": "should test for url and valid CORPORATE_ADMIN logon",
              "fullTitle": "visit Verve Access should test for url and valid CORPORATE_ADMIN logon",
              "timedOut": null,
              "duration": 32156,
              "state": "passed",
              "speed": "slow",
              "pass": true,
              "fail": false,
              "pending": false,
              "context": null,
              "code": "cy.title().should('eq', 'Verve Access');\ncy.location('protocol').should('eq', 'https:'); // /cy.contains('Get Started Now').click({timeout : 2000})\ncy.url().should('include', 'customer');\ncy.reload(); //cy.hash().should('include', '#/auth')\ncy.get('form').within($form => {\n  cy.get('input[type=\"email\"]').type('njoku101@qa.team');\n  cy.get('input[type=\"password\"]').type('Password12@');\n  cy.get('#login').click({\n    timeout: 2000\n  });\n  cy.wait(9000); //cy.root().submit({timeout : 2000})\n});\ncy.get('.ant-dropdown-link > .sidebar-svg').click().wait(3000);\ncy.contains('CORPORATE_ADMIN').should('be.visible');\ncy.get('.red').click();",
              "err": {},
              "uuid": "243bc25f-b9a2-45a6-8469-c84d849bddf3",
              "parentUUID": "2a0343e5-dbfb-4059-ac88-871948a48b19",
              "isHook": false,
              "skipped": false
            },
            {
              "title": "should test for invalid username and valid password for Corporate Admin logon",
              "fullTitle": "visit Verve Access should test for invalid username and valid password for Corporate Admin logon",
              "timedOut": null,
              "duration": 7879,
              "state": "passed",
              "speed": "medium",
              "pass": true,
              "fail": false,
              "pending": false,
              "context": null,
              "code": "cy.get('form').within($form => {\n  cy.get('input[type=\"email\"]').type('VBnjoku101@qa.team');\n  cy.get('input[type=\"password\"]').type('Password1@');\n  cy.get('#login').click().wait(3000); //cy.wait(5000)\n  //cy.root().submit({timeout : 2000})\n});\ncy.contains('ERROR!').should('be.visible');",
              "err": {},
              "uuid": "034d4d9d-6303-44b6-a03e-0b510bf83361",
              "parentUUID": "2a0343e5-dbfb-4059-ac88-871948a48b19",
              "isHook": false,
              "skipped": false
            },
            {
              "title": "should test for valid username and invalid password for Corporate Admin logon",
              "fullTitle": "visit Verve Access should test for valid username and invalid password for Corporate Admin logon",
              "timedOut": null,
              "duration": 11760,
              "state": "passed",
              "speed": "slow",
              "pass": true,
              "fail": false,
              "pending": false,
              "context": null,
              "code": "cy.get('form').within($form => {\n  cy.get('input[type=\"email\"]').type('njoku101@qa.team');\n  cy.get('input[type=\"password\"]').type('Pass34word1@');\n  cy.get('#login').click().wait(5000); //cy.wait(5000)\n  //cy.root().submit({timeout : 2000})\n});\ncy.contains('ERROR!').should('be.visible');",
              "err": {},
              "uuid": "60ba2151-18d9-47fa-bd66-1d9b801a9bf4",
              "parentUUID": "2a0343e5-dbfb-4059-ac88-871948a48b19",
              "isHook": false,
              "skipped": false
            },
            {
              "title": "should test for null username and null password for Corporate Admin logon",
              "fullTitle": "visit Verve Access should test for null username and null password for Corporate Admin logon",
              "timedOut": null,
              "duration": 4968,
              "state": "passed",
              "speed": "fast",
              "pass": true,
              "fail": false,
              "pending": false,
              "context": null,
              "code": "cy.get('form').within($form => {\n  cy.get('input[type=\"email\"]').type(' ');\n  cy.get('input[type=\"password\"]').type(' ');\n  cy.get('#login').click();\n});\ncy.contains('email cannot be empty!').should('be.visible');",
              "err": {},
              "uuid": "fef338ab-640c-4c8d-8079-49a083736ef9",
              "parentUUID": "2a0343e5-dbfb-4059-ac88-871948a48b19",
              "isHook": false,
              "skipped": false
            },
            {
              "title": "should test for url and valid CORPORATE_ADMIN logon",
              "fullTitle": "visit Verve Access should test for url and valid CORPORATE_ADMIN logon",
              "timedOut": null,
              "duration": 14439,
              "state": "passed",
              "speed": "slow",
              "pass": true,
              "fail": false,
              "pending": false,
              "context": null,
              "code": "cy.get('form').within($form => {\n  cy.get('input[type=\"email\"]').type('njoku101@qa.team');\n  cy.get('input[type=\"password\"]').type('Password1@');\n  cy.get('#login').click({\n    timeout: 2000\n  });\n  cy.wait(9000); //cy.root().submit({timeout : 2000})\n}); // cy.get('.ant-dropdown-link > .sidebar-svg').click().wait(3000)\n//cy.contains('CORPORATE_ADMIN').should('be.visible')\n//cy.get('.red').click()",
              "err": {},
              "uuid": "5df88b46-5ae0-472b-8b7a-14e681f0ef77",
              "parentUUID": "2a0343e5-dbfb-4059-ac88-871948a48b19",
              "isHook": false,
              "skipped": false
            },
            {
              "title": "should test for invalid username and valid password for Corporate Admin logon",
              "fullTitle": "visit Verve Access should test for invalid username and valid password for Corporate Admin logon",
              "timedOut": null,
              "duration": 7492,
              "state": "passed",
              "speed": "medium",
              "pass": true,
              "fail": false,
              "pending": false,
              "context": null,
              "code": "cy.get('form').within($form => {\n  cy.get('input[type=\"email\"]').type('VBnjoku101@qa.team');\n  cy.get('input[type=\"password\"]').type('Password1');\n  cy.get('#login').click().wait(3000); //cy.wait(5000)\n  //cy.root().submit({timeout : 2000})\n});\ncy.contains('ERROR!').should('be.visible');",
              "err": {},
              "uuid": "9e6ed5e3-97af-4ec9-bfaa-f17a872ce1fe",
              "parentUUID": "2a0343e5-dbfb-4059-ac88-871948a48b19",
              "isHook": false,
              "skipped": false
            },
            {
              "title": "should test for valid username and invalid password for Corporate Admin logon",
              "fullTitle": "visit Verve Access should test for valid username and invalid password for Corporate Admin logon",
              "timedOut": null,
              "duration": 8285,
              "state": "passed",
              "speed": "medium",
              "pass": true,
              "fail": false,
              "pending": false,
              "context": null,
              "code": "cy.get('form').within($form => {\n  cy.get('input[type=\"email\"]').type('njoku101@qa.team');\n  cy.get('input[type=\"password\"]').type('Pass34word1@');\n  cy.get('#login').click().wait(5000); //cy.wait(5000)\n  //cy.root().submit({timeout : 2000})\n});\ncy.contains('ERROR!').should('be.visible');",
              "err": {},
              "uuid": "4f4454f1-85cc-43fb-9266-715ec2b389c8",
              "parentUUID": "2a0343e5-dbfb-4059-ac88-871948a48b19",
              "isHook": false,
              "skipped": false
            },
            {
              "title": "should test for null username and null password for Corporate Admin logon",
              "fullTitle": "visit Verve Access should test for null username and null password for Corporate Admin logon",
              "timedOut": null,
              "duration": 2903,
              "state": "passed",
              "speed": "fast",
              "pass": true,
              "fail": false,
              "pending": false,
              "context": null,
              "code": "cy.get('form').within($form => {\n  cy.get('input[type=\"email\"]').type(' ');\n  cy.get('input[type=\"password\"]').type(' ');\n  cy.get('#login').click();\n});\ncy.contains('email cannot be empty!').should('be.visible');",
              "err": {},
              "uuid": "92949bdb-f164-480c-96d0-816936b87ca8",
              "parentUUID": "2a0343e5-dbfb-4059-ac88-871948a48b19",
              "isHook": false,
              "skipped": false
            }
          ],
          "suites": [],
          "passes": [
            "243bc25f-b9a2-45a6-8469-c84d849bddf3",
            "034d4d9d-6303-44b6-a03e-0b510bf83361",
            "60ba2151-18d9-47fa-bd66-1d9b801a9bf4",
            "fef338ab-640c-4c8d-8079-49a083736ef9",
            "5df88b46-5ae0-472b-8b7a-14e681f0ef77",
            "9e6ed5e3-97af-4ec9-bfaa-f17a872ce1fe",
            "4f4454f1-85cc-43fb-9266-715ec2b389c8",
            "92949bdb-f164-480c-96d0-816936b87ca8"
          ],
          "failures": [],
          "pending": [],
          "skipped": [],
          "duration": 89882,
          "root": false,
          "rootEmpty": false,
          "_timeout": 2000
        }
      ],
      "passes": [],
      "failures": [],
      "pending": [],
      "skipped": [],
      "duration": 0,
      "root": true,
      "rootEmpty": true,
      "_timeout": 2000
    }
  ],
  "meta": {
    "mocha": {
      "version": "7.0.1"
    },
    "mochawesome": {
      "options": {
        "quiet": false,
        "reportFilename": "mochawesome",
        "saveHtml": true,
        "saveJson": true,
        "consoleReporter": "spec",
        "useInlineDiffs": false,
        "code": true
      },
      "version": "7.1.3"
    },
    "marge": {
      "options": {
        "id": "default",
        "reportDir": "cypress/results/mocha",
        "quite": true,
        "overwrite": false,
        "html": true,
        "json": true
      },
      "version": "6.2.0"
    }
  }
}