{
  "stats": {
    "suites": 1,
    "tests": 8,
    "passes": 7,
    "pending": 0,
    "failures": 1,
    "start": "2023-01-03T14:50:15.045Z",
    "end": "2023-01-03T14:51:32.926Z",
    "duration": 77881,
    "testsRegistered": 8,
    "passPercent": 87.5,
    "pendingPercent": 0,
    "other": 0,
    "hasOther": false,
    "skipped": 0,
    "hasSkipped": false
  },
  "results": [
    {
      "uuid": "63f76322-e38f-42e6-ba76-4fb4a8e95b35",
      "title": "",
      "fullFile": "cypress\\e2e\\1-getting-started\\logincorporateUsers.cy.js",
      "file": "cypress\\e2e\\1-getting-started\\logincorporateUsers.cy.js",
      "beforeHooks": [],
      "afterHooks": [],
      "tests": [],
      "suites": [
        {
          "uuid": "dc61f74e-e493-4c57-b523-277934b85023",
          "title": "visit Verve Access",
          "fullFile": "",
          "file": "",
          "beforeHooks": [],
          "afterHooks": [],
          "tests": [
            {
              "title": "should test for url and valid CORPORATE_ADMIN logon",
              "fullTitle": "visit Verve Access should test for url and valid CORPORATE_ADMIN logon",
              "timedOut": null,
              "duration": 24785,
              "state": "failed",
              "speed": null,
              "pass": false,
              "fail": true,
              "pending": false,
              "context": null,
              "code": "cy.title().should('eq', 'Verve Access');\ncy.location('protocol').should('eq', 'https:'); // /cy.contains('Get Started Now').click({timeout : 2000})\ncy.url().should('include', 'customer');\ncy.reload(); //cy.hash().should('include', '#/auth')\ncy.get('form').within($form => {\n  cy.get('input[type=\"email\"]').type('njoku101@qa.team');\n  cy.get('input[type=\"password\"]').type('Password12@');\n  cy.get('#login').click({\n    timeout: 2000\n  });\n  cy.wait(9000); //cy.root().submit({timeout : 2000})\n});\ncy.get('.ant-dropdown-link > .sidebar-svg').click().wait(3000);\ncy.contains('CORPORATE_ADMIN').should('be.visible');\ncy.get('.red').click();",
              "err": {
                "message": "AssertionError: Timed out retrying after 4000ms: Expected to find element: `.ant-dropdown-link > .sidebar-svg`, but never found it.",
                "estack": "AssertionError: Timed out retrying after 4000ms: Expected to find element: `.ant-dropdown-link > .sidebar-svg`, but never found it.\n    at Context.eval (https://verve-access-customer.k8.isw.la/__cypress/tests?p=cypress\\e2e\\1-getting-started\\logincorporateUsers.cy.js:125:8)",
                "diff": null
              },
              "uuid": "3bc97218-7539-4333-bdf4-e1ba22dbcd36",
              "parentUUID": "dc61f74e-e493-4c57-b523-277934b85023",
              "isHook": false,
              "skipped": false
            },
            {
              "title": "should test for invalid username and valid password for Corporate Admin logon",
              "fullTitle": "visit Verve Access should test for invalid username and valid password for Corporate Admin logon",
              "timedOut": null,
              "duration": 6504,
              "state": "passed",
              "speed": "medium",
              "pass": true,
              "fail": false,
              "pending": false,
              "context": null,
              "code": "cy.get('form').within($form => {\n  cy.get('input[type=\"email\"]').type('VBnjoku101@qa.team');\n  cy.get('input[type=\"password\"]').type('Password1@');\n  cy.get('#login').click().wait(3000); //cy.wait(5000)\n  //cy.root().submit({timeout : 2000})\n});\ncy.contains('ERROR!').should('be.visible');",
              "err": {},
              "uuid": "5113adf2-7356-42f5-80f3-254e66e419d4",
              "parentUUID": "dc61f74e-e493-4c57-b523-277934b85023",
              "isHook": false,
              "skipped": false
            },
            {
              "title": "should test for valid username and invalid password for Corporate Admin logon",
              "fullTitle": "visit Verve Access should test for valid username and invalid password for Corporate Admin logon",
              "timedOut": null,
              "duration": 8068,
              "state": "passed",
              "speed": "medium",
              "pass": true,
              "fail": false,
              "pending": false,
              "context": null,
              "code": "cy.get('form').within($form => {\n  cy.get('input[type=\"email\"]').type('njoku101@qa.team');\n  cy.get('input[type=\"password\"]').type('Pass34word1');\n  cy.get('#login').click().wait(5000); //cy.wait(5000)\n  //cy.root().submit({timeout : 2000})\n});\ncy.contains('ERROR!').should('be.visible');",
              "err": {},
              "uuid": "9e060c7a-12dd-4a53-a4fd-382c5a7abb9f",
              "parentUUID": "dc61f74e-e493-4c57-b523-277934b85023",
              "isHook": false,
              "skipped": false
            },
            {
              "title": "should test for null username and null password for Corporate Admin logon",
              "fullTitle": "visit Verve Access should test for null username and null password for Corporate Admin logon",
              "timedOut": null,
              "duration": 2619,
              "state": "passed",
              "speed": "fast",
              "pass": true,
              "fail": false,
              "pending": false,
              "context": null,
              "code": "cy.get('form').within($form => {\n  cy.get('input[type=\"email\"]').type(' ');\n  cy.get('input[type=\"password\"]').type(' ');\n  cy.get('#login').click();\n});\ncy.contains('email cannot be empty!').should('be.visible');",
              "err": {},
              "uuid": "6db1b870-08e0-40b9-b37b-0bd01e560d08",
              "parentUUID": "dc61f74e-e493-4c57-b523-277934b85023",
              "isHook": false,
              "skipped": false
            },
            {
              "title": "should test for url and valid CORPORATE_USER logon",
              "fullTitle": "visit Verve Access should test for url and valid CORPORATE_USER logon",
              "timedOut": null,
              "duration": 16096,
              "state": "passed",
              "speed": "slow",
              "pass": true,
              "fail": false,
              "pending": false,
              "context": null,
              "code": "cy.get('form').within($form => {\n  cy.get('input[type=\"email\"]').type('njoku102@qa.team');\n  cy.get('input[type=\"password\"]').type('Password12@');\n  cy.get('#login').click({\n    timeout: 2000\n  });\n  cy.wait(9000); //cy.root().submit({timeout : 2000})\n});\ncy.get('.ant-dropdown-link > .sidebar-svg').click().wait(3000);\ncy.contains('CORPORATE_USER').should('be.visible');\ncy.get('.red').click();",
              "err": {},
              "uuid": "07d8c4d5-2120-4107-8d17-196461bd280c",
              "parentUUID": "dc61f74e-e493-4c57-b523-277934b85023",
              "isHook": false,
              "skipped": false
            },
            {
              "title": "should test for invalid username and valid password for Corporate User logon",
              "fullTitle": "visit Verve Access should test for invalid username and valid password for Corporate User logon",
              "timedOut": null,
              "duration": 5799,
              "state": "passed",
              "speed": "medium",
              "pass": true,
              "fail": false,
              "pending": false,
              "context": null,
              "code": "cy.get('form').within($form => {\n  cy.get('input[type=\"email\"]').type('VBnjoku102@qa.team');\n  cy.get('input[type=\"password\"]').type('Password1@');\n  cy.get('#login').click().wait(3000); //cy.wait(5000)\n  //cy.root().submit({timeout : 2000})\n});\ncy.contains('ERROR!').should('be.visible');",
              "err": {},
              "uuid": "7c97680f-3c74-4ac4-b516-c306ea3cb99d",
              "parentUUID": "dc61f74e-e493-4c57-b523-277934b85023",
              "isHook": false,
              "skipped": false
            },
            {
              "title": "should test for valid username and invalid password for Corporate user logon",
              "fullTitle": "visit Verve Access should test for valid username and invalid password for Corporate user logon",
              "timedOut": null,
              "duration": 9398,
              "state": "passed",
              "speed": "medium",
              "pass": true,
              "fail": false,
              "pending": false,
              "context": null,
              "code": "cy.get('form').within($form => {\n  cy.get('input[type=\"email\"]').type('njoku102@qa.team');\n  cy.get('input[type=\"password\"]').type('Pass34word1@');\n  cy.get('#login').click().wait(5000); //cy.wait(5000)\n  //cy.root().submit({timeout : 2000})\n});\ncy.contains('ERROR!').should('be.visible');",
              "err": {},
              "uuid": "4211a855-ae63-4a8f-9da9-8605b42e2319",
              "parentUUID": "dc61f74e-e493-4c57-b523-277934b85023",
              "isHook": false,
              "skipped": false
            },
            {
              "title": "should test for null username and null password for Corporate user logon",
              "fullTitle": "visit Verve Access should test for null username and null password for Corporate user logon",
              "timedOut": null,
              "duration": 3696,
              "state": "passed",
              "speed": "fast",
              "pass": true,
              "fail": false,
              "pending": false,
              "context": null,
              "code": "cy.get('form').within($form => {\n  cy.get('input[type=\"email\"]').type(' ');\n  cy.get('input[type=\"password\"]').type(' ');\n  cy.get('#login').click();\n});\ncy.contains('email cannot be empty!').should('be.visible');",
              "err": {},
              "uuid": "0c72a3a0-a908-4678-aa38-13da78536a09",
              "parentUUID": "dc61f74e-e493-4c57-b523-277934b85023",
              "isHook": false,
              "skipped": false
            }
          ],
          "suites": [],
          "passes": [
            "5113adf2-7356-42f5-80f3-254e66e419d4",
            "9e060c7a-12dd-4a53-a4fd-382c5a7abb9f",
            "6db1b870-08e0-40b9-b37b-0bd01e560d08",
            "07d8c4d5-2120-4107-8d17-196461bd280c",
            "7c97680f-3c74-4ac4-b516-c306ea3cb99d",
            "4211a855-ae63-4a8f-9da9-8605b42e2319",
            "0c72a3a0-a908-4678-aa38-13da78536a09"
          ],
          "failures": [
            "3bc97218-7539-4333-bdf4-e1ba22dbcd36"
          ],
          "pending": [],
          "skipped": [],
          "duration": 76965,
          "root": false,
          "rootEmpty": false,
          "_timeout": 2000
        }
      ],
      "passes": [],
      "failures": [],
      "pending": [],
      "skipped": [],
      "duration": 0,
      "root": true,
      "rootEmpty": true,
      "_timeout": 2000
    }
  ],
  "meta": {
    "mocha": {
      "version": "7.0.1"
    },
    "mochawesome": {
      "options": {
        "quiet": false,
        "reportFilename": "mochawesome",
        "saveHtml": true,
        "saveJson": true,
        "consoleReporter": "spec",
        "useInlineDiffs": false,
        "code": true
      },
      "version": "7.1.3"
    },
    "marge": {
      "options": {
        "id": "default",
        "reportDir": "cypress/results/mocha",
        "quite": true,
        "overwrite": false,
        "html": true,
        "json": true
      },
      "version": "6.2.0"
    }
  }
}