{
  "stats": {
    "suites": 1,
    "tests": 1,
    "passes": 0,
    "pending": 0,
    "failures": 1,
    "start": "2023-01-03T14:42:16.688Z",
    "end": "2023-01-03T14:42:40.150Z",
    "duration": 23462,
    "testsRegistered": 1,
    "passPercent": 0,
    "pendingPercent": 0,
    "other": 0,
    "hasOther": false,
    "skipped": 0,
    "hasSkipped": false
  },
  "results": [
    {
      "uuid": "10ae367d-ea4b-4354-a3b8-c5ed101705f3",
      "title": "",
      "fullFile": "cypress\\e2e\\1-getting-started\\corporateUsers.cy.js",
      "file": "cypress\\e2e\\1-getting-started\\corporateUsers.cy.js",
      "beforeHooks": [],
      "afterHooks": [],
      "tests": [],
      "suites": [
        {
          "uuid": "890a8953-5867-4e17-a0ff-6640fe85c329",
          "title": "visit Verve Access",
          "fullFile": "",
          "file": "",
          "beforeHooks": [],
          "afterHooks": [],
          "tests": [
            {
              "title": "should test search and filter",
              "fullTitle": "visit Verve Access should test search and filter",
              "timedOut": null,
              "duration": 23089,
              "state": "failed",
              "speed": null,
              "pass": false,
              "fail": true,
              "pending": false,
              "context": null,
              "code": "// Login as Corporate Admin\ncy.get('form').within($form => {\n  cy.get('input[type=\"email\"]').type('njoku102@qa.team');\n  cy.get('input[type=\"password\"]').type('Password1');\n  cy.get('#login').click({\n    timeout: 2000\n  });\n  cy.wait(9000); //cy.root().submit({timeout : 2000})\n}); // Click on Hamburger Menu and click on Vmmr \ncy.get('#burger-cont').click();\ncy.get('#sidebar > .sidebar-container > #side-nav > .isw-sideBarNav > :nth-child(7) > .isw-sideBarNavLink > .isw-sideBarNavLabel').click();\n/*\n    // it should verify successful search by existing File Name on pending tab\n    cy.get('.search-input').click().type('ALA-VMMR-AUG-14383')\n    cy.get('.input-container > .d-flx').click()\n    cy.wait(8000)\n    cy.contains('ALA-VMMR-AUG-14383')\n    cy.get('.search-input').click().clear().get('.input-container > .d-flx').click()\n\n    // it should verify successful search by incomplete File Name on pending tab\n    cy.get('.search-input').click().type('ALA-VMMR-AUG')\n    cy.get('.input-container > .d-flx').click()\n    cy.wait(8000)\n    cy.contains('ALA-VMMR-AUG')\n    cy.get('.search-input').click().clear().get('.input-container > .d-flx').click()\n\n\n    // it should verify successful search by Non-existing File Name on pending tab\n    cy.get('.search-input').click().type('zsdslfffdfdfdf')\n    cy.get('.input-container > .d-flx').click()\n    cy.wait(8000)\n    cy.contains('No data to display')\n    cy.get('.search-input').click().clear().get('.input-container > .d-flx').click()\n\n\n     // it should verify successful search by existing Created by on pending tab\n     cy.get('.search-input').click().type('Big John')\n     cy.get('.input-container > .d-flx').click()\n     cy.wait(8000)\n     cy.contains('Big John')\n     cy.get('.search-input').click().clear().get('.input-container > .d-flx').click()\n \n     // it should verify successful search by incomplete Created by on pending tab\n     cy.get('.search-input').click().type('Big')\n     cy.get('.input-container > .d-flx').click()\n     cy.wait(8000)\n     cy.contains('Big')\n     cy.get('.search-input').click().clear().get('.input-container > .d-flx').click()\n \n \n     // it should verify successful search by Non-existing Created by on pending tab\n     cy.get('.search-input').click().type('zsdslfffdfdfdf')\n     cy.get('.input-container > .d-flx').click()\n     cy.wait(8000)\n     cy.contains('No data to display')\n     cy.get('.search-input').click().clear().get('.input-container > .d-flx').click()\n\n\n     // Filter with date\n\n\n     //it should verify successful Filter for today on pending tab\n     cy.get('#reportrange > .d-flx').click()\n     cy.get('[data-range-key=\"Today\"]').click()\n     cy.wait(8000)\n     //cy.contains\n     cy.reload()\n\n      //it should verify successful Filter for yesterday on pending tab\n      cy.get('#reportrange > .d-flx').click()\n      cy.get('[data-range-key=\"Yesterday\"]').click()\n      cy.wait(8000)\n      //cy.contains\n      cy.reload()\n\n      //it should verify successful Filter for Last 7 days on pending tab\n      cy.get('#reportrange > .d-flx').click()\n      cy.get('[data-range-key=\"Last 7 Days\"]').click()\n      cy.wait(8000)\n      //cy.contains\n      cy.reload()\n\n\n      //it should verify successful Filter for Last 30 Days on pending tab\n      cy.get('#reportrange > .d-flx').click()\n      cy.get('[data-range-key=\"Last 30 Days\"]').click()\n      cy.wait(8000)\n      //cy.contains\n      cy.reload()\n\n\n      //it should verify successful Filter for This Month on pending tab\n      cy.get('#reportrange > .d-flx').click()\n      cy.get('.ranges > ul > .active').click()\n      cy.wait(8000)\n      //cy.contains\n      cy.reload()\n\n\n       //it should verify successful Filter for Last Month on pending tab\n       cy.get('#reportrange > .d-flx').click()\n       cy.get('[data-range-key=\"Last Month\"]').click()\n       cy.wait(8000)\n       //cy.contains\n       cy.reload()\n\n\n       //it should verify successful Filter for Custom date( cancel) on pending tab\n       cy.get('#reportrange > .d-flx').click()\n       cy.get('[data-range-key=\"Custom Range\"]').click()\n       cy.get('.left > .calendar-table > .table-condensed > tbody > :nth-child(2) > .active').click()\n       cy.get('.right > .calendar-table > .table-condensed > tbody > :nth-child(2) > [data-title=\"r1c0\"]').click()\n       cy.get('.cancelBtn').click()\n       cy.wait(8000)\n       //cy.contains\n       cy.reload()\n\n\n       //it should verify successful Filter for custom date on pending tab\n       cy.get('#reportrange > .d-flx').click()\n       cy.get('[data-range-key=\"Custom Range\"]').click()\n       cy.get('.left > .calendar-table > .table-condensed > tbody > :nth-child(1) > [data-title=\"r0c4\"]').click()\n       cy.get('.right > .calendar-table > .table-condensed > tbody > :nth-child(2) > [data-title=\"r1c0\"]').click()\n       cy.get('.right > .calendar-table > .table-condensed > tbody > :nth-child(2) > [data-title=\"r1c0\"]').click()\n       cy.wait(8000)\n       //cy.contains\n       cy.reload()\n\n       //search and filter on Approve Tab;\n\n    // it should verify successful search by existing File Name on Approve Tab\n    cy.get('.ant-tabs-nav > :nth-child(1) > :nth-child(2) > span').click()\n    cy.get('.search-input').click().type('control')\n    cy.get('.input-container > .d-flx').click()\n    cy.wait(8000)\n    cy.contains('control')\n    cy.get('.search-input').click().clear().get('.input-container > .d-flx').click()\n\n    // it should verify successful search by incomplete File Name on Approve Tab\n    cy.get('.search-input').click().type('Cont')\n    cy.get('.input-container > .d-flx').click()\n    cy.wait(8000)\n    cy.contains('cont')\n    cy.get('.search-input').click().clear().get('.input-container > .d-flx').click()\n\n\n    // it should verify successful search by Non-existing File Name on Approve Tab\n    cy.get('.ant-tabs-nav > :nth-child(1) > :nth-child(2) > span').click()\n    cy.get('.search-input').click().type('zsdslfffdfdfdf')\n    cy.get('.input-container > .d-flx').click()\n    cy.wait(8000)\n    cy.contains('No data to display')\n    cy.get('.search-input').click().clear().get('.input-container > .d-flx').click()\n\n\n     // it should verify successful search by existing Created by on Approve Tab\n     cy.get('.ant-tabs-nav > :nth-child(1) > :nth-child(2) > span').click()\n     cy.get('.search-input').click().type('Big John')\n     cy.get('.input-container > .d-flx').click()\n     cy.wait(8000)\n     cy.contains('Big John')\n     cy.get('.search-input').click().clear().get('.input-container > .d-flx').click()\n \n     // it should verify successful search by incomplete Created by on Approve Tab\n     cy.get('.ant-tabs-nav > :nth-child(1) > :nth-child(2) > span').click()\n     cy.get('.search-input').click().type('Big')\n     cy.get('.input-container > .d-flx').click()\n     cy.wait(8000)\n     cy.contains('Big')\n     cy.get('.search-input').click().clear().get('.input-container > .d-flx').click()\n \n \n     // it should verify successful search by Non-existing Created by on Approve Tab\n     cy.get('.ant-tabs-nav > :nth-child(1) > :nth-child(2) > span').click()\n     cy.get('.search-input').click().type('zsdslfffdfdfdf')\n     cy.get('.input-container > .d-flx').click()\n     cy.wait(8000)\n     cy.contains('No data to display')\n     cy.get('.search-input').click().clear().get('.input-container > .d-flx').click()\n\n\n     // Filter with date\n\n\n     //it should verify successful Filter for today on Approve Tab\n     cy.get('.ant-tabs-nav > :nth-child(1) > :nth-child(2) > span').click()\n     cy.get('#reportrange > .d-flx').click()\n     cy.get('[data-range-key=\"Today\"]').click()\n     cy.wait(8000)\n     //cy.contains\n     cy.reload()\n\n      //it should verify successful Filter for yesterday on Approve Tab\n      cy.get('.ant-tabs-nav > :nth-child(1) > :nth-child(2) > span').click()\n      cy.get('#reportrange > .d-flx').click()\n      cy.get('[data-range-key=\"Yesterday\"]').click()\n      cy.wait(8000)\n      //cy.contains\n      cy.reload()\n\n      //it should verify successful Filter for Last 7 days on Approve Tab\n      cy.get('.ant-tabs-nav > :nth-child(1) > :nth-child(2) > span').click()\n      cy.get('#reportrange > .d-flx').click()\n      cy.get('[data-range-key=\"Last 7 Days\"]').click()\n      cy.wait(8000)\n      //cy.contains\n      cy.reload()\n\n\n      //it should verify successful Filter for Last 30 Days on Approve Tab\n      cy.get('.ant-tabs-nav > :nth-child(1) > :nth-child(2) > span').click()\n      cy.get('#reportrange > .d-flx').click()\n      cy.get('[data-range-key=\"Last 30 Days\"]').click()\n      cy.wait(8000)\n      //cy.contains\n      cy.reload()\n\n\n      //it should verify successful Filter for This Month on Approve Tab\n      cy.get('.ant-tabs-nav > :nth-child(1) > :nth-child(2) > span').click()\n      cy.get('#reportrange > .d-flx').click()\n      cy.get('.ranges > ul > .active').click()\n      cy.wait(8000)\n      //cy.contains\n      cy.reload()\n\n\n       //it should verify successful Filter for Last Month on Approve Tab\n       cy.get('.ant-tabs-nav > :nth-child(1) > :nth-child(2) > span').click()\n       cy.get('#reportrange > .d-flx').click()\n       cy.get('[data-range-key=\"Last Month\"]').click()\n       cy.wait(8000)\n       //cy.contains\n       cy.reload()\n\n\n       //it should verify successful Filter for Custom date( cancel) on Approve Tab\n       cy.get('.ant-tabs-nav > :nth-child(1) > :nth-child(2) > span').click()\n       cy.get('#reportrange > .d-flx').click()\n       cy.get('[data-range-key=\"Custom Range\"]').click()\n       cy.get('.left > .calendar-table > .table-condensed > tbody > :nth-child(2) > .active').click()\n       cy.get('.right > .calendar-table > .table-condensed > tbody > :nth-child(2) > [data-title=\"r1c0\"]').click()\n       cy.get('.cancelBtn').click()\n       cy.wait(8000)\n       //cy.contains\n       cy.reload()\n\n\n       //it should verify successful Filter for custom date on Approve Tab\n       cy.get('.ant-tabs-nav > :nth-child(1) > :nth-child(2) > span').click()\n       cy.get('#reportrange > .d-flx').click()\n       cy.get('[data-range-key=\"Custom Range\"]').click()\n       cy.get('.left > .calendar-table > .table-condensed > tbody > :nth-child(1) > [data-title=\"r0c4\"]').click()\n       cy.get('.right > .calendar-table > .table-condensed > tbody > :nth-child(2) > [data-title=\"r1c0\"]').click()\n       cy.get('.right > .calendar-table > .table-condensed > tbody > :nth-child(2) > [data-title=\"r1c0\"]').click()\n       cy.wait(8000)\n       //cy.contains\n       cy.reload()\n\n\n\n       /// Declined Tab\n\n\n\n    // it should verify successful search by existing File Name on Declined Tab\n    cy.get('.ant-tabs-tab-active').click()\n    cy.get('.search-input').click().type('ALA-VMMR-AUG-14383')\n    cy.get('.input-container > .d-flx').click()\n    cy.wait(8000)\n    cy.contains('ALA-VMMR-AUG-14383')\n    cy.get('.search-input').click().clear().get('.input-container > .d-flx').click()\n\n    // it should verify successful search by incomplete File Name on Declined Tab\n    cy.get('.ant-tabs-tab-active').click()\n    cy.get('.search-input').click().type('TST-VMMR-AUG')\n    cy.get('.input-container > .d-flx').click()\n    cy.wait(8000)\n    cy.contains('TST-VMMR-AUG')\n    cy.get('.search-input').click().clear().get('.input-container > .d-flx').click()\n\n\n    // it should verify successful search by Non-existing File Name on Declined Tab\n    cy.get('.ant-tabs-tab-active').click()\n    cy.get('.search-input').click().type('zsdslfffdfdfdf')\n    cy.get('.input-container > .d-flx').click()\n    cy.wait(8000)\n    cy.contains('No data to display')\n    cy.get('.search-input').click().clear().get('.input-container > .d-flx').click()\n\n\n     // it should verify successful search by existing Created by on Declined Tab\n     cy.get('.ant-tabs-tab-active').click()\n     cy.get('.search-input').click().type('Big John')\n     cy.get('.input-container > .d-flx').click()\n     cy.wait(8000)\n     cy.contains('Big John')\n     cy.get('.search-input').click().clear().get('.input-container > .d-flx').click()\n \n     // it should verify successful search by incomplete Created by on Declined Tab\n     cy.get('.ant-tabs-tab-active').click()\n     cy.get('.search-input').click().type('Big')\n     cy.get('.input-container > .d-flx').click()\n     cy.wait(8000)\n     cy.contains('Big')\n     cy.get('.search-input').click().clear().get('.input-container > .d-flx').click()\n \n \n     // it should verify successful search by Non-existing Created by on Declined Tab\n     cy.get('.ant-tabs-tab-active').click()\n     cy.get('.search-input').click().type('zsdslfffdfdfdf')\n     cy.get('.input-container > .d-flx').click()\n     cy.wait(8000)\n     cy.contains('No data to display')\n     cy.get('.search-input').click().clear().get('.input-container > .d-flx').click()\n\n\n     // Filter with date\n\n\n     //it should verify successful Filter for today on Declined Tab\n     cy.get('.ant-tabs-tab-active').click()\n     cy.get('#reportrange > .d-flx').click()\n     cy.get('[data-range-key=\"Today\"]').click()\n     cy.wait(8000)\n     //cy.contains\n     cy.reload()\n\n      //it should verify successful Filter for yesterday on Declined Tab\n      cy.get('.ant-tabs-tab-active').click()\n      cy.get('#reportrange > .d-flx').click()\n      cy.get('[data-range-key=\"Yesterday\"]').click()\n      cy.wait(8000)\n      //cy.contains\n      cy.reload()\n\n      //it should verify successful Filter for Last 7 days on Declined Tab\n      cy.get('.ant-tabs-tab-active').click()\n      cy.get('#reportrange > .d-flx').click()\n      cy.get('[data-range-key=\"Last 7 Days\"]').click()\n      cy.wait(8000)\n      //cy.contains\n      cy.reload()\n\n\n      //it should verify successful Filter for Last 30 Days on Declined Tab\n      cy.get('.ant-tabs-tab-active').click()\n      cy.get('#reportrange > .d-flx').click()\n      cy.get('[data-range-key=\"Last 30 Days\"]').click()\n      cy.wait(8000)\n      //cy.contains\n      cy.reload()\n\n\n      //it should verify successful Filter for This Month on Declined Tab\n      cy.get('.ant-tabs-tab-active').click()\n      cy.get('#reportrange > .d-flx').click()\n      cy.get('.ranges > ul > .active').click()\n      cy.wait(8000)\n      //cy.contains\n      cy.reload()\n\n\n       //it should verify successful Filter for Last Month on Declined Tab\n       cy.get('.ant-tabs-tab-active').click()\n       cy.get('#reportrange > .d-flx').click()\n       cy.get('[data-range-key=\"Last Month\"]').click()\n       cy.wait(8000)\n       //cy.contains\n       cy.reload()\n\n\n       //it should verify successful Filter for Custom date( cancel) on Declined Tab\n       cy.get('.ant-tabs-tab-active').click()\n       cy.get('#reportrange > .d-flx').click()\n       cy.get('[data-range-key=\"Custom Range\"]').click()\n       cy.get('.left > .calendar-table > .table-condensed > tbody > :nth-child(2) > .active').click()\n       cy.get('.right > .calendar-table > .table-condensed > tbody > :nth-child(2) > [data-title=\"r1c0\"]').click()\n       cy.get('.cancelBtn').click()\n       cy.wait(8000)\n       //cy.contains\n       cy.reload()\n\n\n       //it should verify successful Filter for custom date on Declined Tab\n       cy.get('.ant-tabs-tab-active').click()\n       cy.get('#reportrange > .d-flx').click()\n       cy.get('[data-range-key=\"Custom Range\"]').click()\n       cy.get('.left > .calendar-table > .table-condensed > tbody > :nth-child(1) > [data-title=\"r0c4\"]').click()\n       cy.get('.right > .calendar-table > .table-condensed > tbody > :nth-child(2) > [data-title=\"r1c0\"]').click()\n       cy.get('.right > .calendar-table > .table-condensed > tbody > :nth-child(2) > [data-title=\"r1c0\"]').click()\n       cy.wait(8000)\n       //cy.contains\n       cy.reload()\n       */",
              "err": {
                "message": "AssertionError: Timed out retrying after 4000ms: Expected to find element: `#burger-cont`, but never found it.",
                "estack": "AssertionError: Timed out retrying after 4000ms: Expected to find element: `#burger-cont`, but never found it.\n    at Context.eval (https://verve-access-customer.k8.isw.la/__cypress/tests?p=cypress\\e2e\\1-getting-started\\corporateUsers.cy.js:206:8)",
                "diff": null
              },
              "uuid": "67a5bc0c-2bea-42ed-b599-5e35395a0f68",
              "parentUUID": "890a8953-5867-4e17-a0ff-6640fe85c329",
              "isHook": false,
              "skipped": false
            }
          ],
          "suites": [],
          "passes": [],
          "failures": [
            "67a5bc0c-2bea-42ed-b599-5e35395a0f68"
          ],
          "pending": [],
          "skipped": [],
          "duration": 23089,
          "root": false,
          "rootEmpty": false,
          "_timeout": 2000
        }
      ],
      "passes": [],
      "failures": [],
      "pending": [],
      "skipped": [],
      "duration": 0,
      "root": true,
      "rootEmpty": true,
      "_timeout": 2000
    }
  ],
  "meta": {
    "mocha": {
      "version": "7.0.1"
    },
    "mochawesome": {
      "options": {
        "quiet": false,
        "reportFilename": "mochawesome",
        "saveHtml": true,
        "saveJson": true,
        "consoleReporter": "spec",
        "useInlineDiffs": false,
        "code": true
      },
      "version": "7.1.3"
    },
    "marge": {
      "options": {
        "id": "default",
        "reportDir": "cypress/results/mocha",
        "quite": true,
        "overwrite": false,
        "html": true,
        "json": true
      },
      "version": "6.2.0"
    }
  }
}