{
  "stats": {
    "suites": 1,
    "tests": 1,
    "passes": 1,
    "pending": 0,
    "failures": 0,
    "start": "2023-02-06T22:22:59.825Z",
    "end": "2023-02-06T22:23:30.009Z",
    "duration": 30184,
    "testsRegistered": 1,
    "passPercent": 100,
    "pendingPercent": 0,
    "other": 0,
    "hasOther": false,
    "skipped": 0,
    "hasSkipped": false
  },
  "results": [
    {
      "uuid": "4bb4b756-51bb-48fd-96d9-b8fea324ecd8",
      "title": "",
      "fullFile": "cypress\\e2e\\1-getting-started\\Chiptype.cy.js",
      "file": "cypress\\e2e\\1-getting-started\\Chiptype.cy.js",
      "beforeHooks": [],
      "afterHooks": [],
      "tests": [],
      "suites": [
        {
          "uuid": "aff1944b-f73b-4568-a2b5-9e93cdbca1e1",
          "title": "visit Verve Access",
          "fullFile": "",
          "file": "",
          "beforeHooks": [],
          "afterHooks": [],
          "tests": [
            {
              "title": "should test for url and Navigate to Chiptype Page",
              "fullTitle": "visit Verve Access should test for url and Navigate to Chiptype Page",
              "timedOut": null,
              "duration": 30053,
              "state": "passed",
              "speed": "slow",
              "pass": true,
              "fail": false,
              "pending": false,
              "context": null,
              "code": "cy.title().should('eq', 'Verve Access');\ncy.location('protocol').should('eq', 'https:'); // /cy.contains('Get Started Now').click({timeout : 2000})\ncy.url().should('include', 'admin');\ncy.reload({\n  timeout: 130000\n}); //cy.hash().should('include', '#/auth')\ncy.get('form').within($form => {\n  const ln = new _loginpage.default();\n  ln.setUserName(Cypress.env('vervAdminUser'));\n  ln.setPassword(Cypress.env('verveAdminPass'));\n  ln.clickSubmit();\n});\ncy.get('.ant-dropdown-link > .sidebar-svg').click().wait(3000);\ncy.contains('VERVE ADMIN').should('be.visible'); //cy.get('.red').click()\nconst ct = new _chiptype.default();\nct.setGoToChipTypePage();\ncy.contains('Chip Types').should('be.visible');\ncy.get('.add-button-container > .d-flx').click();\ncy.get('#card_type').click();",
              "err": {},
              "uuid": "1d65e6c2-e871-44e1-8df7-aadc37576819",
              "parentUUID": "aff1944b-f73b-4568-a2b5-9e93cdbca1e1",
              "isHook": false,
              "skipped": false
            }
          ],
          "suites": [],
          "passes": [
            "1d65e6c2-e871-44e1-8df7-aadc37576819"
          ],
          "failures": [],
          "pending": [],
          "skipped": [],
          "duration": 30053,
          "root": false,
          "rootEmpty": false,
          "_timeout": 2000
        }
      ],
      "passes": [],
      "failures": [],
      "pending": [],
      "skipped": [],
      "duration": 0,
      "root": true,
      "rootEmpty": true,
      "_timeout": 2000
    }
  ],
  "meta": {
    "mocha": {
      "version": "7.0.1"
    },
    "mochawesome": {
      "options": {
        "quiet": false,
        "reportFilename": "mochawesome",
        "saveHtml": true,
        "saveJson": true,
        "consoleReporter": "spec",
        "useInlineDiffs": false,
        "code": true
      },
      "version": "7.1.3"
    },
    "marge": {
      "options": {
        "id": "default",
        "reportDir": "cypress/reports/mocha",
        "mochaFile": "cypress/reports/results/my-test-output-[hash].xml",
        "quite": true,
        "overwrite": false,
        "html": true,
        "json": true
      },
      "version": "6.2.0"
    }
  }
}