{
  "stats": {
    "suites": 1,
    "tests": 9,
    "passes": 9,
    "pending": 0,
    "failures": 0,
    "start": "2023-02-06T22:23:42.234Z",
    "end": "2023-02-06T22:25:17.189Z",
    "duration": 94955,
    "testsRegistered": 9,
    "passPercent": 100,
    "pendingPercent": 0,
    "other": 0,
    "hasOther": false,
    "skipped": 0,
    "hasSkipped": false
  },
  "results": [
    {
      "uuid": "8a575084-b1e0-4c4f-9f84-76f234d7c750",
      "title": "",
      "fullFile": "cypress\\e2e\\1-getting-started\\logincorporateUsers.cy.js",
      "file": "cypress\\e2e\\1-getting-started\\logincorporateUsers.cy.js",
      "beforeHooks": [],
      "afterHooks": [],
      "tests": [],
      "suites": [
        {
          "uuid": "a754bc5e-a9c8-4d22-b271-6acb1a648b39",
          "title": "visit Verve Access",
          "fullFile": "",
          "file": "",
          "beforeHooks": [],
          "afterHooks": [],
          "tests": [
            {
              "title": "should test for url and valid CORPORATE_ADMIN logon",
              "fullTitle": "visit Verve Access should test for url and valid CORPORATE_ADMIN logon",
              "timedOut": null,
              "duration": 23476,
              "state": "passed",
              "speed": "slow",
              "pass": true,
              "fail": false,
              "pending": false,
              "context": null,
              "code": "cy.title().should('eq', 'Verve Access');\ncy.location('protocol').should('eq', 'https:'); // /cy.contains('Get Started Now').click({timeout : 2000})\ncy.url().should('include', 'customer');\ncy.reload({\n  timeout: 130000\n}); //cy.hash().should('include', '#/auth')\ncy.get('form').within($form => {\n  const ln = new _loginpage.default();\n  ln.setUserName(Cypress.env('username1'));\n  ln.setPassword(Cypress.env('password1'));\n  ln.clickSubmit();\n});\ncy.get('.ant-dropdown-link > .sidebar-svg').click().wait(3000);\ncy.contains('CORPORATE_ADMIN').should('be.visible');\ncy.get('.red').click();",
              "err": {},
              "uuid": "094b798c-3eea-479f-a831-7620dbaab37e",
              "parentUUID": "a754bc5e-a9c8-4d22-b271-6acb1a648b39",
              "isHook": false,
              "skipped": false
            },
            {
              "title": "should test for invalid username and valid password for Corporate Admin logon",
              "fullTitle": "visit Verve Access should test for invalid username and valid password for Corporate Admin logon",
              "timedOut": null,
              "duration": 6334,
              "state": "passed",
              "speed": "medium",
              "pass": true,
              "fail": false,
              "pending": false,
              "context": null,
              "code": "const ln = new _loginpage.default();\nln.setUserName(Cypress.env('username1') + 'sdg');\nln.setPassword(Cypress.env('password1'));\nln.clickSubmit2();\ncy.contains('ERROR!').should('be.visible');",
              "err": {},
              "uuid": "ed623a01-99ca-4eb9-8ecb-f9752e74e8f3",
              "parentUUID": "a754bc5e-a9c8-4d22-b271-6acb1a648b39",
              "isHook": false,
              "skipped": false
            },
            {
              "title": "should test for invalid username and valid password for Corporate Admin logon",
              "fullTitle": "visit Verve Access should test for invalid username and valid password for Corporate Admin logon",
              "timedOut": null,
              "duration": 4815,
              "state": "passed",
              "speed": "fast",
              "pass": true,
              "fail": false,
              "pending": false,
              "context": null,
              "code": "const ln = new _loginpage.default();\nln.setUserName(Cypress.env('username3') + 'sdg');\nln.setPassword(Cypress.env('password1'));\nln.clickSubmit2();\ncy.contains('ERROR!').should('be.visible');",
              "err": {},
              "uuid": "8bc68ef7-babe-4857-88da-4bd7fd5a4ac5",
              "parentUUID": "a754bc5e-a9c8-4d22-b271-6acb1a648b39",
              "isHook": false,
              "skipped": false
            },
            {
              "title": "should test for valid username and invalid password for Corporate Admin logon",
              "fullTitle": "visit Verve Access should test for valid username and invalid password for Corporate Admin logon",
              "timedOut": null,
              "duration": 8468,
              "state": "passed",
              "speed": "medium",
              "pass": true,
              "fail": false,
              "pending": false,
              "context": null,
              "code": "const ln = new _loginpage.default();\nln.setUserName(Cypress.env('username1'));\nln.setPassword(Cypress.env('password1') + 'sdg');\nln.clickSubmit2();\ncy.contains('ERROR!').should('be.visible');",
              "err": {},
              "uuid": "ee620c79-6e6c-42fc-a147-82ba874ecc10",
              "parentUUID": "a754bc5e-a9c8-4d22-b271-6acb1a648b39",
              "isHook": false,
              "skipped": false
            },
            {
              "title": "should test for null username and null password for Corporate Admin logon",
              "fullTitle": "visit Verve Access should test for null username and null password for Corporate Admin logon",
              "timedOut": null,
              "duration": 5272,
              "state": "passed",
              "speed": "medium",
              "pass": true,
              "fail": false,
              "pending": false,
              "context": null,
              "code": "const ln = new _loginpage.default();\nln.setUserName(\" \");\nln.setPassword(\" \");\nln.clickSubmit2();\ncy.contains('email cannot be empty!').should('be.visible');",
              "err": {},
              "uuid": "57ec18a8-32ae-4281-897c-b14b5aa85972",
              "parentUUID": "a754bc5e-a9c8-4d22-b271-6acb1a648b39",
              "isHook": false,
              "skipped": false
            },
            {
              "title": "should test for url and valid CORPORATE_USER logon",
              "fullTitle": "visit Verve Access should test for url and valid CORPORATE_USER logon",
              "timedOut": null,
              "duration": 18309,
              "state": "passed",
              "speed": "slow",
              "pass": true,
              "fail": false,
              "pending": false,
              "context": null,
              "code": "cy.get('form').within($form => {\n  const ln = new _loginpage.default();\n  ln.setUserName(Cypress.env('username4'));\n  ln.setPassword(Cypress.env('password4'));\n  ln.clickSubmit();\n});\ncy.get('.ant-dropdown-link > .sidebar-svg').click().wait(3000);\ncy.contains('CORPORATE_USER').should('be.visible');\ncy.get('.red').click();",
              "err": {},
              "uuid": "46ba86fa-89c8-4742-a356-549df7af7ce9",
              "parentUUID": "a754bc5e-a9c8-4d22-b271-6acb1a648b39",
              "isHook": false,
              "skipped": false
            },
            {
              "title": "should test for invalid username and valid password for Corporate User logon",
              "fullTitle": "visit Verve Access should test for invalid username and valid password for Corporate User logon",
              "timedOut": null,
              "duration": 5469,
              "state": "passed",
              "speed": "medium",
              "pass": true,
              "fail": false,
              "pending": false,
              "context": null,
              "code": "const ln = new _loginpage.default();\nln.setUserName(Cypress.env('username3'));\nln.setPassword(Cypress.env('password1'));\nln.clickSubmit2();\ncy.contains('ERROR!').should('be.visible');",
              "err": {},
              "uuid": "3eba8f65-d7cd-40f5-9d5f-4337a6b588e5",
              "parentUUID": "a754bc5e-a9c8-4d22-b271-6acb1a648b39",
              "isHook": false,
              "skipped": false
            },
            {
              "title": "should test for valid username and invalid password for Corporate user logon",
              "fullTitle": "visit Verve Access should test for valid username and invalid password for Corporate user logon",
              "timedOut": null,
              "duration": 8342,
              "state": "passed",
              "speed": "medium",
              "pass": true,
              "fail": false,
              "pending": false,
              "context": null,
              "code": "const ln = new _loginpage.default();\nln.setUserName(Cypress.env('username4'));\nln.setPassword(Cypress.env('password1') + 'fgt');\nln.clickSubmit2();\ncy.contains('ERROR!').should('be.visible');",
              "err": {},
              "uuid": "453248cf-ae80-4aea-8856-9bffd6f8cdb7",
              "parentUUID": "a754bc5e-a9c8-4d22-b271-6acb1a648b39",
              "isHook": false,
              "skipped": false
            },
            {
              "title": "should test for null username and null password for Corporate user logon",
              "fullTitle": "visit Verve Access should test for null username and null password for Corporate user logon",
              "timedOut": null,
              "duration": 14178,
              "state": "passed",
              "speed": "slow",
              "pass": true,
              "fail": false,
              "pending": false,
              "context": null,
              "code": "const ln = new _loginpage.default();\nln.setUserName(\" \");\nln.setPassword(\" \");\nln.clickSubmit2();\ncy.contains('password cannot be empty!').should('be.visible');\ncy.visit('https://verve-access-admin.k8.isw.la/admin/signin');",
              "err": {},
              "uuid": "2e898b19-eb3b-40cf-b1ac-263587afda75",
              "parentUUID": "a754bc5e-a9c8-4d22-b271-6acb1a648b39",
              "isHook": false,
              "skipped": false
            }
          ],
          "suites": [],
          "passes": [
            "094b798c-3eea-479f-a831-7620dbaab37e",
            "ed623a01-99ca-4eb9-8ecb-f9752e74e8f3",
            "8bc68ef7-babe-4857-88da-4bd7fd5a4ac5",
            "ee620c79-6e6c-42fc-a147-82ba874ecc10",
            "57ec18a8-32ae-4281-897c-b14b5aa85972",
            "46ba86fa-89c8-4742-a356-549df7af7ce9",
            "3eba8f65-d7cd-40f5-9d5f-4337a6b588e5",
            "453248cf-ae80-4aea-8856-9bffd6f8cdb7",
            "2e898b19-eb3b-40cf-b1ac-263587afda75"
          ],
          "failures": [],
          "pending": [],
          "skipped": [],
          "duration": 94663,
          "root": false,
          "rootEmpty": false,
          "_timeout": 2000
        }
      ],
      "passes": [],
      "failures": [],
      "pending": [],
      "skipped": [],
      "duration": 0,
      "root": true,
      "rootEmpty": true,
      "_timeout": 2000
    }
  ],
  "meta": {
    "mocha": {
      "version": "7.0.1"
    },
    "mochawesome": {
      "options": {
        "quiet": false,
        "reportFilename": "mochawesome",
        "saveHtml": true,
        "saveJson": true,
        "consoleReporter": "spec",
        "useInlineDiffs": false,
        "code": true
      },
      "version": "7.1.3"
    },
    "marge": {
      "options": {
        "id": "default",
        "reportDir": "cypress/reports/mocha",
        "mochaFile": "cypress/reports/results/my-test-output-[hash].xml",
        "quite": true,
        "overwrite": false,
        "html": true,
        "json": true
      },
      "version": "6.2.0"
    }
  }
}